2026-01-20 13:36:05 - getPaymentMethods called with total: 2000
2026-01-20 13:36:05 - payment_address keys: firstname, lastname, email, email_confirm, telephone, fax, password, confirm, customer_group_id, company, address_1, address_2, postcode, city, country_id, zone_id, country, iso_code_2, iso_code_3, address_format, custom_field, zone, zone_code, agree, shipping_address, newsletter
2026-01-20 13:36:05 - Found 2 payment extensions: cod, free_checkout
2026-01-20 13:36:05 - Payment method cod returned false from getMethod()
2026-01-20 13:36:05 - Payment method free_checkout returned false from getMethod()
2026-01-20 13:36:05 - Total payment methods found: 0
2026-01-20 13:36:05 - Payment methods: 
2026-01-20 13:36:05 - Returning 0 payment methods
2026-01-20 13:36:12 - getPaymentMethods called with total: 2000
2026-01-20 13:36:12 - payment_address keys: firstname, lastname, email, email_confirm, telephone, fax, password, confirm, customer_group_id, company, address_1, address_2, postcode, city, country_id, zone_id, country, iso_code_2, iso_code_3, address_format, custom_field, zone, zone_code, agree, shipping_address, newsletter
2026-01-20 13:36:12 - Found 2 payment extensions: cod, free_checkout
2026-01-20 13:36:12 - Payment method cod returned false from getMethod()
2026-01-20 13:36:12 - Payment method free_checkout returned false from getMethod()
2026-01-20 13:36:12 - Total payment methods found: 0
2026-01-20 13:36:12 - Payment methods: 
2026-01-20 13:36:12 - Returning 0 payment methods
2026-01-20 13:42:27 - COD getMethod: total=2000, hasShipping=0, payment_cod_total=0.01, payment_cod_geo_zone_id=0, country_id=220, zone_id=3490, geo_zone_match=0, status=0
2026-01-20 13:42:27 - getPaymentMethods called with total: 2000
2026-01-20 13:42:27 - payment_address keys: firstname, lastname, email, email_confirm, telephone, fax, password, confirm, customer_group_id, company, address_1, address_2, postcode, city, country_id, zone_id, country, iso_code_2, iso_code_3, address_format, custom_field, zone, zone_code, agree, shipping_address, newsletter
2026-01-20 13:42:27 - Found 2 payment extensions: cod, free_checkout
2026-01-20 13:42:27 - Payment method cod returned false from getMethod()
2026-01-20 13:42:27 - Payment method free_checkout returned false from getMethod()
2026-01-20 13:42:27 - Total payment methods found: 0
2026-01-20 13:42:27 - Payment methods: 
2026-01-20 13:42:27 - Returning 0 payment methods
2026-01-20 13:42:36 - COD getMethod: total=2000, hasShipping=0, payment_cod_total=0.01, payment_cod_geo_zone_id=0, country_id=220, zone_id=3490, geo_zone_match=0, status=0
2026-01-20 13:42:35 - getPaymentMethods called with total: 2000
2026-01-20 13:42:35 - payment_address keys: firstname, lastname, email, email_confirm, telephone, fax, password, confirm, customer_group_id, company, address_1, address_2, postcode, city, country_id, zone_id, country, iso_code_2, iso_code_3, address_format, custom_field, zone, zone_code, agree, shipping_address, newsletter
2026-01-20 13:42:35 - Found 2 payment extensions: cod, free_checkout
2026-01-20 13:42:36 - Payment method cod returned false from getMethod()
2026-01-20 13:42:36 - Payment method free_checkout returned false from getMethod()
2026-01-20 13:42:36 - Total payment methods found: 0
2026-01-20 13:42:36 - Payment methods: 
2026-01-20 13:42:36 - Returning 0 payment methods
2026-01-20 13:42:47 - COD getMethod: total=2000, hasShipping=0, payment_cod_total=0.01, payment_cod_geo_zone_id=0, country_id=220, zone_id=3490, geo_zone_match=0, status=0
2026-01-20 13:42:47 - getPaymentMethods called with total: 2000
2026-01-20 13:42:47 - payment_address keys: firstname, lastname, email, email_confirm, telephone, fax, password, confirm, customer_group_id, company, address_1, address_2, postcode, city, country_id, zone_id, country, iso_code_2, iso_code_3, address_format, custom_field, zone, zone_code, agree, shipping_address, newsletter
2026-01-20 13:42:47 - Found 2 payment extensions: cod, free_checkout
2026-01-20 13:42:47 - Payment method cod returned false from getMethod()
2026-01-20 13:42:47 - Payment method free_checkout returned false from getMethod()
2026-01-20 13:42:47 - Total payment methods found: 0
2026-01-20 13:42:47 - Payment methods: 
2026-01-20 13:42:47 - Returning 0 payment methods
2026-01-20 13:43:17 - COD getMethod: total=405, hasShipping=1, payment_cod_total=0.01, payment_cod_geo_zone_id=0, country_id=220, zone_id=3490, geo_zone_match=0, status=1
2026-01-20 13:43:17 - getPaymentMethods called with total: 405
2026-01-20 13:43:17 - payment_address keys: firstname, lastname, email, email_confirm, telephone, fax, password, confirm, customer_group_id, company, address_1, address_2, postcode, city, country_id, zone_id, country, iso_code_2, iso_code_3, address_format, custom_field, zone, zone_code, agree, shipping_address, newsletter
2026-01-20 13:43:17 - Found 2 payment extensions: cod, free_checkout
2026-01-20 13:43:17 - Added payment method: cod
2026-01-20 13:43:17 - Payment method free_checkout returned false from getMethod()
2026-01-20 13:43:17 - Total payment methods found: 1
2026-01-20 13:43:17 - Payment methods: cod
2026-01-20 13:43:17 - Returning 1 payment methods
2026-01-20 13:45:00 - COD getMethod: total=8005, hasShipping=1, payment_cod_total=0.01, payment_cod_geo_zone_id=0, country_id=220, zone_id=3490, geo_zone_match=0, status=1
2026-01-20 13:45:00 - getPaymentMethods called with total: 8005
2026-01-20 13:45:00 - payment_address keys: firstname, lastname, email, email_confirm, telephone, fax, password, confirm, customer_group_id, company, address_1, address_2, postcode, city, country_id, zone_id, country, iso_code_2, iso_code_3, address_format, custom_field, zone, zone_code, agree, shipping_address, newsletter
2026-01-20 13:45:00 - Found 2 payment extensions: cod, free_checkout
2026-01-20 13:45:00 - Added payment method: cod
2026-01-20 13:45:00 - Payment method free_checkout returned false from getMethod()
2026-01-20 13:45:00 - Total payment methods found: 1
2026-01-20 13:45:00 - Payment methods: cod
2026-01-20 13:45:00 - Returning 1 payment methods
2026-01-20 13:55:09 - COD getMethod: total=8005, hasShipping=1, payment_cod_total=0.01, payment_cod_geo_zone_id=0, country_id=220, zone_id=3490, geo_zone_match=0, status=1
2026-01-20 13:55:09 - getPaymentMethods called with total: 8005
2026-01-20 13:55:09 - payment_address keys: firstname, lastname, email, email_confirm, telephone, fax, password, confirm, customer_group_id, company, address_1, address_2, postcode, city, country_id, zone_id, country, iso_code_2, iso_code_3, address_format, custom_field, zone, zone_code, agree, shipping_address, newsletter
2026-01-20 13:55:09 - Found 2 payment extensions: cod, free_checkout
2026-01-20 13:55:09 - Added payment method: cod
2026-01-20 13:55:09 - Payment method free_checkout returned false from getMethod()
2026-01-20 13:55:09 - Total payment methods found: 1
2026-01-20 13:55:09 - Payment methods: cod
2026-01-20 13:55:09 - Returning 1 payment methods
