2026-01-20 13:03:53 - slideshow/index called
2026-01-20 13:03:53 - Setting: {"name":"Home Page Slidshow","banner_id":"7","width":"476","height":"680","status":"1"}
2026-01-20 13:03:53 - Getting banner with ID: 7
2026-01-20 13:03:53 - Found 5 banner images
2026-01-20 13:03:53 - Added banner: catalog/baner/banner-5.jpg
2026-01-20 13:03:53 - Added banner: catalog/baner/banner-1.jpg
2026-01-20 13:03:53 - Added banner: catalog/baner/banner-2.jpg
2026-01-20 13:03:53 - Added banner: catalog/baner/banner-3.jpg
2026-01-20 13:03:53 - Added banner: catalog/baner/banner-4.jpg
2026-01-20 13:03:53 - Total banners added: 5
2026-01-20 13:03:53 - Returning slideshow view with 5 banners
2026-01-20 13:03:53 - content_top: route=common/home, layout_id=1
2026-01-20 13:03:53 - Found 2 modules in content_top
2026-01-20 13:03:53 - Processing module: slideshow.27 (part[0]=slideshow, part[1]=27)
2026-01-20 13:03:53 - Module slideshow general status: DISABLED (config: module_slideshow_status = 0)
2026-01-20 13:03:53 - Module instance 27 status: ENABLED
2026-01-20 13:03:53 - Module instance settings: {"name":"Home Page Slidshow","banner_id":"7","width":"476","height":"680","status":"1"}
2026-01-20 13:03:53 - Module instance 27 output added
2026-01-20 13:03:53 - Processing module: html.88 (part[0]=html, part[1]=88)
2026-01-20 13:03:53 - Module html general status: DISABLED (config: module_html_status = 0)
2026-01-20 13:03:53 - Module instance 88 status: ENABLED
2026-01-20 13:03:53 - Module instance settings: {"apply":"0","name":"Home Page Service","module_description":{"4":{"title":"","description":"&lt;div id=&quot;wdcmsservice&quot; class=&quot;bottom-to-top hb-animate-element&quot;&gt;\r\n\t&lt;div class=&quot;container&quot;&gt;\r\n\t&lt;div class=&quot;row&quot;&gt;\r\n\t\t&lt;div class=&quot;home-sevices&quot;&gt;\r\n&lt;ul class=&quot;wd-sevices services-carousel&quot;&gt;\r\n    &lt;li&gt;\r\n&lt;div class=&quot;wd-return wdservice service-info-heading&quot;&gt;\r\n&lt;div class=&quot;service-icon&quot;&gt;&lt;\/div&gt;\r\n&lt;div class=&quot;wdservice-desc&quot;&gt;&lt;span class=&quot;service-title&quot;&gt;\u0411\u0435\u0437\u043a\u043e\u0448\u0442\u043e\u0432\u043d\u0430 \u0434\u043e\u0441\u0442\u0430\u0432\u043a\u0430.&lt;\/span&gt; &lt;span class=&quot;service-desc&quot;&gt;\u041f\u0440\u0438 \u0437\u0430\u043c\u043e\u0432\u043b\u0435\u043d\u043d\u0456 \u0432\u0456\u0434 50 000 \u0433\u0440\u043d.&lt;\/span&gt;&lt;\/div&gt;\r\n&lt;\/div&gt;\r\n&lt;\/li&gt;\r\n&lt;li&gt;\r\n&lt;div class=&quot;wd-secure wdservice service-info-heading&quot;&gt;\r\n&lt;div class=&quot;service-icon&quot;&gt;&lt;\/div&gt;\r\n&lt;div class=&quot;wdservice-desc&quot;&gt;&lt;span class=&quot;service-title&quot;&gt;\u0411\u0435\u0437\u043f\u0435\u0447\u043d\u0430 \u043e\u043f\u043b\u0430\u0442\u0430&lt;\/span&gt; &lt;span class=&quot;service-desc&quot;&gt;Refer a friend our web &amp;amp; get a surprise Gifts&lt;\/span&gt;&lt;\/div&gt;\r\n&lt;\/div&gt;\r\n&lt;\/li&gt;\r\n&lt;li&gt;\r\n&lt;div class=&quot;wd-support wdservice service-info-heading&quot;&gt;\r\n&lt;div class=&quot;service-icon&quot;&gt;&lt;\/div&gt;\r\n&lt;div class=&quot;wdservice-desc&quot;&gt;&lt;span class=&quot;service-title&quot;&gt;\u041c\u0438 \u043d\u0430 \u0437\u0432'\u044f\u0437\u043a\u0443 24\/7&lt;\/span&gt; &lt;span class=&quot;service-desc&quot;&gt;Feel fre to Call Us &amp;amp; Get best support service&lt;\/span&gt;&lt;\/div&gt;\r\n&lt;\/div&gt;\r\n&lt;\/li&gt;\r\n&lt;li&gt;\r\n&lt;div class=&quot;wd-shop wdservice service-info-heading&quot;&gt;\r\n&lt;div class=&quot;service-icon&quot;&gt;&lt;\/div&gt;\r\n&lt;div class=&quot;wdservice-desc&quot;&gt;&lt;span class=&quot;service-title&quot;&gt;\u0417\u0430\u0432\u0436\u0434\u0438 \u0434\u0456\u044e\u0447\u0456 \u0437\u043d\u0438\u0436\u043a\u0438&lt;\/span&gt; &lt;span class=&quot;service-desc&quot;&gt;Safe, faster &amp;amp; more secure way to pay online with us&lt;\/span&gt;&lt;\/div&gt;\r\n&lt;\/div&gt;\r\n&lt;\/li&gt;\r\n&lt;\/ul&gt;\r\n&lt;\/div&gt;\r\n\t&lt;\/div&gt;\r\n\t&lt;\/div&gt;\r\n&lt;\/div&gt;"},"3":{"title":"","description":"&lt;div id=&quot;wdcmsservice&quot; class=&quot;bottom-to-top hb-animate-element&quot;&gt;\r\n\t&lt;div class=&quot;container&quot;&gt;\r\n\t&lt;div class=&quot;row&quot;&gt;\r\n\t\t&lt;div class=&quot;home-sevices&quot;&gt;\r\n&lt;ul class=&quot;wd-sevices services-carousel&quot;&gt;\r\n    &lt;li&gt;\r\n&lt;div class=&quot;wd-return wdservice service-info-heading&quot;&gt;\r\n&lt;div class=&quot;service-icon&quot;&gt;&lt;\/div&gt;\r\n&lt;div class=&quot;wdservice-desc&quot;&gt;&lt;ul class=&quot;wd-sevices services-carousel&quot; style=&quot;margin-bottom: 9px;&quot;&gt;&lt;li&gt;&lt;div class=&quot;wd-return wdservice service-info-heading&quot;&gt;&lt;div class=&quot;wdservice-desc&quot;&gt;&lt;span class=&quot;service-title&quot;&gt;\u0411\u0435\u0437\u043a\u043e\u0448\u0442\u043e\u0432\u043d\u0430 \u0434\u043e\u0441\u0442\u0430\u0432\u043a\u0430.&lt;\/span&gt;&amp;nbsp;&lt;span class=&quot;service-desc&quot;&gt;\u041f\u0440\u0438 \u0437\u0430\u043c\u043e\u0432\u043b\u0435\u043d\u043d\u0456 \u0432\u0456\u0434 50 000 \u0433\u0440\u043d.&lt;\/span&gt;&lt;\/div&gt;&lt;\/div&gt;&lt;\/li&gt;&lt;li&gt;&lt;div class=&quot;wd-secure wdservice service-info-heading&quot;&gt;&lt;div class=&quot;service-icon&quot;&gt;&lt;\/div&gt;&lt;div class=&quot;wdservice-desc&quot;&gt;&lt;span class=&quot;service-title&quot;&gt;\u0411\u0435\u0437\u043f\u0435\u0447\u043d\u0430 \u043e\u043f\u043b\u0430\u0442\u0430&lt;\/span&gt;&amp;nbsp;&lt;span class=&quot;service-desc&quot;&gt;Refer a friend our web &amp;amp; get a surprise Gifts&lt;\/span&gt;&lt;\/div&gt;&lt;\/div&gt;&lt;\/li&gt;&lt;li&gt;&lt;div class=&quot;wd-support wdservice service-info-heading&quot;&gt;&lt;div class=&quot;service-icon&quot;&gt;&lt;\/div&gt;&lt;div class=&quot;wdservice-desc&quot;&gt;&lt;span class=&quot;service-title&quot;&gt;\u041c\u0438 \u043d\u0430 \u0437\u0432'\u044f\u0437\u043a\u0443 24\/7&lt;\/span&gt;&amp;nbsp;&lt;span class=&quot;service-desc&quot;&gt;Feel fre to Call Us &amp;amp; Get best support service&lt;\/span&gt;&lt;\/div&gt;&lt;\/div&gt;&lt;\/li&gt;&lt;li&gt;&lt;div class=&quot;wd-shop wdservice service-info-heading&quot;&gt;&lt;div class=&quot;service-icon&quot;&gt;&lt;\/div&gt;&lt;div class=&quot;wdservice-desc&quot;&gt;&lt;span class=&quot;service-title&quot;&gt;\u0417\u0430\u0432\u0436\u0434\u0438 \u0434\u0456\u044e\u0447\u0456 \u0437\u043d\u0438\u0436\u043a\u0438&lt;\/span&gt;&amp;nbsp;&lt;span class=&quot;service-desc&quot;&gt;Safe, faster &amp;amp; more secure way to pay online with us&lt;\/span&gt;&lt;\/div&gt;&lt;\/div&gt;&lt;\/li&gt;&lt;\/ul&gt;&lt;\/div&gt;&lt;\/div&gt;&lt;\/li&gt;\r\n&lt;\/ul&gt;\r\n&lt;\/div&gt;\r\n\t&lt;\/div&gt;\r\n\t&lt;\/div&gt;\r\n&lt;\/div&gt;"}},"status":"1"}
2026-01-20 13:03:53 - Module instance 88 output added
2026-01-20 13:03:53 - Total modules added to content_top: 2
2026-01-20 13:34:35 - slideshow/index called
2026-01-20 13:34:35 - Setting: {"name":"Home Page Slidshow","banner_id":"7","width":"476","height":"680","status":"1"}
2026-01-20 13:34:35 - Getting banner with ID: 7
2026-01-20 13:34:35 - Found 5 banner images
2026-01-20 13:34:35 - Added banner: catalog/baner/banner-5.jpg
2026-01-20 13:34:35 - Added banner: catalog/baner/banner-1.jpg
2026-01-20 13:34:35 - Added banner: catalog/baner/banner-2.jpg
2026-01-20 13:34:35 - Added banner: catalog/baner/banner-3.jpg
2026-01-20 13:34:35 - Added banner: catalog/baner/banner-4.jpg
2026-01-20 13:34:35 - Total banners added: 5
2026-01-20 13:34:35 - Returning slideshow view with 5 banners
2026-01-20 13:34:35 - content_top: route=common/home, layout_id=1
2026-01-20 13:34:35 - Found 2 modules in content_top
2026-01-20 13:34:35 - Processing module: slideshow.27 (part[0]=slideshow, part[1]=27)
2026-01-20 13:34:35 - Module slideshow general status: DISABLED (config: module_slideshow_status = 0)
2026-01-20 13:34:35 - Module instance 27 status: ENABLED
2026-01-20 13:34:35 - Module instance settings: {"name":"Home Page Slidshow","banner_id":"7","width":"476","height":"680","status":"1"}
2026-01-20 13:34:35 - Module instance 27 output added
2026-01-20 13:34:35 - Processing module: html.88 (part[0]=html, part[1]=88)
2026-01-20 13:34:35 - Module html general status: DISABLED (config: module_html_status = 0)
2026-01-20 13:34:35 - Module instance 88 status: ENABLED
2026-01-20 13:34:35 - Module instance settings: {"apply":"0","name":"Home Page Service","module_description":{"4":{"title":"","description":"&lt;div id=&quot;wdcmsservice&quot; class=&quot;bottom-to-top hb-animate-element&quot;&gt;\r\n\t&lt;div class=&quot;container&quot;&gt;\r\n\t&lt;div class=&quot;row&quot;&gt;\r\n\t\t&lt;div class=&quot;home-sevices&quot;&gt;\r\n&lt;ul class=&quot;wd-sevices services-carousel&quot;&gt;\r\n    &lt;li&gt;\r\n&lt;div class=&quot;wd-return wdservice service-info-heading&quot;&gt;\r\n&lt;div class=&quot;service-icon&quot;&gt;&lt;\/div&gt;\r\n&lt;div class=&quot;wdservice-desc&quot;&gt;&lt;span class=&quot;service-title&quot;&gt;\u0411\u0435\u0437\u043a\u043e\u0448\u0442\u043e\u0432\u043d\u0430 \u0434\u043e\u0441\u0442\u0430\u0432\u043a\u0430.&lt;\/span&gt; &lt;span class=&quot;service-desc&quot;&gt;\u041f\u0440\u0438 \u0437\u0430\u043c\u043e\u0432\u043b\u0435\u043d\u043d\u0456 \u0432\u0456\u0434 50 000 \u0433\u0440\u043d.&lt;\/span&gt;&lt;\/div&gt;\r\n&lt;\/div&gt;\r\n&lt;\/li&gt;\r\n&lt;li&gt;\r\n&lt;div class=&quot;wd-secure wdservice service-info-heading&quot;&gt;\r\n&lt;div class=&quot;service-icon&quot;&gt;&lt;\/div&gt;\r\n&lt;div class=&quot;wdservice-desc&quot;&gt;&lt;span class=&quot;service-title&quot;&gt;\u0411\u0435\u0437\u043f\u0435\u0447\u043d\u0430 \u043e\u043f\u043b\u0430\u0442\u0430&lt;\/span&gt; &lt;span class=&quot;service-desc&quot;&gt;Refer a friend our web &amp;amp; get a surprise Gifts&lt;\/span&gt;&lt;\/div&gt;\r\n&lt;\/div&gt;\r\n&lt;\/li&gt;\r\n&lt;li&gt;\r\n&lt;div class=&quot;wd-support wdservice service-info-heading&quot;&gt;\r\n&lt;div class=&quot;service-icon&quot;&gt;&lt;\/div&gt;\r\n&lt;div class=&quot;wdservice-desc&quot;&gt;&lt;span class=&quot;service-title&quot;&gt;\u041c\u0438 \u043d\u0430 \u0437\u0432'\u044f\u0437\u043a\u0443 24\/7&lt;\/span&gt; &lt;span class=&quot;service-desc&quot;&gt;Feel fre to Call Us &amp;amp; Get best support service&lt;\/span&gt;&lt;\/div&gt;\r\n&lt;\/div&gt;\r\n&lt;\/li&gt;\r\n&lt;li&gt;\r\n&lt;div class=&quot;wd-shop wdservice service-info-heading&quot;&gt;\r\n&lt;div class=&quot;service-icon&quot;&gt;&lt;\/div&gt;\r\n&lt;div class=&quot;wdservice-desc&quot;&gt;&lt;span class=&quot;service-title&quot;&gt;\u0417\u0430\u0432\u0436\u0434\u0438 \u0434\u0456\u044e\u0447\u0456 \u0437\u043d\u0438\u0436\u043a\u0438&lt;\/span&gt; &lt;span class=&quot;service-desc&quot;&gt;Safe, faster &amp;amp; more secure way to pay online with us&lt;\/span&gt;&lt;\/div&gt;\r\n&lt;\/div&gt;\r\n&lt;\/li&gt;\r\n&lt;\/ul&gt;\r\n&lt;\/div&gt;\r\n\t&lt;\/div&gt;\r\n\t&lt;\/div&gt;\r\n&lt;\/div&gt;"},"3":{"title":"","description":"&lt;div id=&quot;wdcmsservice&quot; class=&quot;bottom-to-top hb-animate-element&quot;&gt;\r\n\t&lt;div class=&quot;container&quot;&gt;\r\n\t&lt;div class=&quot;row&quot;&gt;\r\n\t\t&lt;div class=&quot;home-sevices&quot;&gt;\r\n&lt;ul class=&quot;wd-sevices services-carousel&quot;&gt;\r\n    &lt;li&gt;\r\n&lt;div class=&quot;wd-return wdservice service-info-heading&quot;&gt;\r\n&lt;div class=&quot;service-icon&quot;&gt;&lt;\/div&gt;\r\n&lt;div class=&quot;wdservice-desc&quot;&gt;&lt;ul class=&quot;wd-sevices services-carousel&quot; style=&quot;margin-bottom: 9px;&quot;&gt;&lt;li&gt;&lt;div class=&quot;wd-return wdservice service-info-heading&quot;&gt;&lt;div class=&quot;wdservice-desc&quot;&gt;&lt;span class=&quot;service-title&quot;&gt;\u0411\u0435\u0437\u043a\u043e\u0448\u0442\u043e\u0432\u043d\u0430 \u0434\u043e\u0441\u0442\u0430\u0432\u043a\u0430.&lt;\/span&gt;&amp;nbsp;&lt;span class=&quot;service-desc&quot;&gt;\u041f\u0440\u0438 \u0437\u0430\u043c\u043e\u0432\u043b\u0435\u043d\u043d\u0456 \u0432\u0456\u0434 50 000 \u0433\u0440\u043d.&lt;\/span&gt;&lt;\/div&gt;&lt;\/div&gt;&lt;\/li&gt;&lt;li&gt;&lt;div class=&quot;wd-secure wdservice service-info-heading&quot;&gt;&lt;div class=&quot;service-icon&quot;&gt;&lt;\/div&gt;&lt;div class=&quot;wdservice-desc&quot;&gt;&lt;span class=&quot;service-title&quot;&gt;\u0411\u0435\u0437\u043f\u0435\u0447\u043d\u0430 \u043e\u043f\u043b\u0430\u0442\u0430&lt;\/span&gt;&amp;nbsp;&lt;span class=&quot;service-desc&quot;&gt;Refer a friend our web &amp;amp; get a surprise Gifts&lt;\/span&gt;&lt;\/div&gt;&lt;\/div&gt;&lt;\/li&gt;&lt;li&gt;&lt;div class=&quot;wd-support wdservice service-info-heading&quot;&gt;&lt;div class=&quot;service-icon&quot;&gt;&lt;\/div&gt;&lt;div class=&quot;wdservice-desc&quot;&gt;&lt;span class=&quot;service-title&quot;&gt;\u041c\u0438 \u043d\u0430 \u0437\u0432'\u044f\u0437\u043a\u0443 24\/7&lt;\/span&gt;&amp;nbsp;&lt;span class=&quot;service-desc&quot;&gt;Feel fre to Call Us &amp;amp; Get best support service&lt;\/span&gt;&lt;\/div&gt;&lt;\/div&gt;&lt;\/li&gt;&lt;li&gt;&lt;div class=&quot;wd-shop wdservice service-info-heading&quot;&gt;&lt;div class=&quot;service-icon&quot;&gt;&lt;\/div&gt;&lt;div class=&quot;wdservice-desc&quot;&gt;&lt;span class=&quot;service-title&quot;&gt;\u0417\u0430\u0432\u0436\u0434\u0438 \u0434\u0456\u044e\u0447\u0456 \u0437\u043d\u0438\u0436\u043a\u0438&lt;\/span&gt;&amp;nbsp;&lt;span class=&quot;service-desc&quot;&gt;Safe, faster &amp;amp; more secure way to pay online with us&lt;\/span&gt;&lt;\/div&gt;&lt;\/div&gt;&lt;\/li&gt;&lt;\/ul&gt;&lt;\/div&gt;&lt;\/div&gt;&lt;\/li&gt;\r\n&lt;\/ul&gt;\r\n&lt;\/div&gt;\r\n\t&lt;\/div&gt;\r\n\t&lt;\/div&gt;\r\n&lt;\/div&gt;"}},"status":"1"}
2026-01-20 13:34:35 - Module instance 88 output added
2026-01-20 13:34:35 - Total modules added to content_top: 2
2026-01-20 13:34:44 - content_top: route=product/product, layout_id=2
2026-01-20 13:34:44 - Found 0 modules in content_top
2026-01-20 13:34:44 - Total modules added to content_top: 0
2026-01-20 13:34:51 - content_top: route=checkout/cart, layout_id=7
2026-01-20 13:34:51 - Found 0 modules in content_top
2026-01-20 13:34:51 - Total modules added to content_top: 0
2026-01-20 13:35:01 - content_top: route=product/category, layout_id=3
2026-01-20 13:35:01 - Found 0 modules in content_top
2026-01-20 13:35:01 - Total modules added to content_top: 0
2026-01-20 13:35:05 - content_top: route=product/category, layout_id=3
2026-01-20 13:35:05 - Found 0 modules in content_top
2026-01-20 13:35:05 - Total modules added to content_top: 0
2026-01-20 13:35:10 - content_top: route=product/category, layout_id=3
2026-01-20 13:35:10 - Found 0 modules in content_top
2026-01-20 13:35:10 - Total modules added to content_top: 0
2026-01-20 13:35:17 - content_top: route=product/category, layout_id=3
2026-01-20 13:35:17 - Found 0 modules in content_top
2026-01-20 13:35:17 - Total modules added to content_top: 0
2026-01-20 13:35:22 - content_top: route=product/category, layout_id=3
2026-01-20 13:35:22 - Found 0 modules in content_top
2026-01-20 13:35:22 - Total modules added to content_top: 0
2026-01-20 13:35:55 - content_top: route=checkout/cart, layout_id=7
2026-01-20 13:35:55 - Found 0 modules in content_top
2026-01-20 13:35:55 - Total modules added to content_top: 0
2026-01-20 13:36:00 - content_top: route=checkout/cart, layout_id=7
2026-01-20 13:36:00 - Found 0 modules in content_top
2026-01-20 13:36:00 - Total modules added to content_top: 0
2026-01-20 13:36:05 - content_top: route=checkout/checkout, layout_id=7
2026-01-20 13:36:05 - Found 0 modules in content_top
2026-01-20 13:36:05 - Total modules added to content_top: 0
2026-01-20 13:42:26 - content_top: route=checkout/checkout, layout_id=7
2026-01-20 13:42:26 - Found 0 modules in content_top
2026-01-20 13:42:26 - Total modules added to content_top: 0
2026-01-20 13:42:35 - content_top: route=checkout/checkout, layout_id=7
2026-01-20 13:42:35 - Found 0 modules in content_top
2026-01-20 13:42:35 - Total modules added to content_top: 0
2026-01-20 13:42:46 - content_top: route=checkout/checkout, layout_id=7
2026-01-20 13:42:46 - Found 0 modules in content_top
2026-01-20 13:42:46 - Total modules added to content_top: 0
2026-01-20 13:42:58 - content_top: route=checkout/cart, layout_id=7
2026-01-20 13:42:58 - Found 0 modules in content_top
2026-01-20 13:42:58 - Total modules added to content_top: 0
2026-01-20 13:43:01 - slideshow/index called
2026-01-20 13:43:01 - Setting: {"name":"Home Page Slidshow","banner_id":"7","width":"476","height":"680","status":"1"}
2026-01-20 13:43:01 - Getting banner with ID: 7
2026-01-20 13:43:01 - Found 5 banner images
2026-01-20 13:43:01 - Added banner: catalog/baner/banner-5.jpg
2026-01-20 13:43:01 - Added banner: catalog/baner/banner-1.jpg
2026-01-20 13:43:01 - Added banner: catalog/baner/banner-2.jpg
2026-01-20 13:43:01 - Added banner: catalog/baner/banner-3.jpg
2026-01-20 13:43:01 - Added banner: catalog/baner/banner-4.jpg
2026-01-20 13:43:01 - Total banners added: 5
2026-01-20 13:43:01 - Returning slideshow view with 5 banners
2026-01-20 13:43:01 - content_top: route=common/home, layout_id=1
2026-01-20 13:43:01 - Found 2 modules in content_top
2026-01-20 13:43:01 - Processing module: slideshow.27 (part[0]=slideshow, part[1]=27)
2026-01-20 13:43:01 - Module slideshow general status: DISABLED (config: module_slideshow_status = 0)
2026-01-20 13:43:01 - Module instance 27 status: ENABLED
2026-01-20 13:43:01 - Module instance settings: {"name":"Home Page Slidshow","banner_id":"7","width":"476","height":"680","status":"1"}
2026-01-20 13:43:01 - Module instance 27 output added
2026-01-20 13:43:01 - Processing module: html.88 (part[0]=html, part[1]=88)
2026-01-20 13:43:01 - Module html general status: DISABLED (config: module_html_status = 0)
2026-01-20 13:43:01 - Module instance 88 status: ENABLED
2026-01-20 13:43:01 - Module instance settings: {"apply":"0","name":"Home Page Service","module_description":{"4":{"title":"","description":"&lt;div id=&quot;wdcmsservice&quot; class=&quot;bottom-to-top hb-animate-element&quot;&gt;\r\n\t&lt;div class=&quot;container&quot;&gt;\r\n\t&lt;div class=&quot;row&quot;&gt;\r\n\t\t&lt;div class=&quot;home-sevices&quot;&gt;\r\n&lt;ul class=&quot;wd-sevices services-carousel&quot;&gt;\r\n    &lt;li&gt;\r\n&lt;div class=&quot;wd-return wdservice service-info-heading&quot;&gt;\r\n&lt;div class=&quot;service-icon&quot;&gt;&lt;\/div&gt;\r\n&lt;div class=&quot;wdservice-desc&quot;&gt;&lt;span class=&quot;service-title&quot;&gt;\u0411\u0435\u0437\u043a\u043e\u0448\u0442\u043e\u0432\u043d\u0430 \u0434\u043e\u0441\u0442\u0430\u0432\u043a\u0430.&lt;\/span&gt; &lt;span class=&quot;service-desc&quot;&gt;\u041f\u0440\u0438 \u0437\u0430\u043c\u043e\u0432\u043b\u0435\u043d\u043d\u0456 \u0432\u0456\u0434 50 000 \u0433\u0440\u043d.&lt;\/span&gt;&lt;\/div&gt;\r\n&lt;\/div&gt;\r\n&lt;\/li&gt;\r\n&lt;li&gt;\r\n&lt;div class=&quot;wd-secure wdservice service-info-heading&quot;&gt;\r\n&lt;div class=&quot;service-icon&quot;&gt;&lt;\/div&gt;\r\n&lt;div class=&quot;wdservice-desc&quot;&gt;&lt;span class=&quot;service-title&quot;&gt;\u0411\u0435\u0437\u043f\u0435\u0447\u043d\u0430 \u043e\u043f\u043b\u0430\u0442\u0430&lt;\/span&gt; &lt;span class=&quot;service-desc&quot;&gt;Refer a friend our web &amp;amp; get a surprise Gifts&lt;\/span&gt;&lt;\/div&gt;\r\n&lt;\/div&gt;\r\n&lt;\/li&gt;\r\n&lt;li&gt;\r\n&lt;div class=&quot;wd-support wdservice service-info-heading&quot;&gt;\r\n&lt;div class=&quot;service-icon&quot;&gt;&lt;\/div&gt;\r\n&lt;div class=&quot;wdservice-desc&quot;&gt;&lt;span class=&quot;service-title&quot;&gt;\u041c\u0438 \u043d\u0430 \u0437\u0432'\u044f\u0437\u043a\u0443 24\/7&lt;\/span&gt; &lt;span class=&quot;service-desc&quot;&gt;Feel fre to Call Us &amp;amp; Get best support service&lt;\/span&gt;&lt;\/div&gt;\r\n&lt;\/div&gt;\r\n&lt;\/li&gt;\r\n&lt;li&gt;\r\n&lt;div class=&quot;wd-shop wdservice service-info-heading&quot;&gt;\r\n&lt;div class=&quot;service-icon&quot;&gt;&lt;\/div&gt;\r\n&lt;div class=&quot;wdservice-desc&quot;&gt;&lt;span class=&quot;service-title&quot;&gt;\u0417\u0430\u0432\u0436\u0434\u0438 \u0434\u0456\u044e\u0447\u0456 \u0437\u043d\u0438\u0436\u043a\u0438&lt;\/span&gt; &lt;span class=&quot;service-desc&quot;&gt;Safe, faster &amp;amp; more secure way to pay online with us&lt;\/span&gt;&lt;\/div&gt;\r\n&lt;\/div&gt;\r\n&lt;\/li&gt;\r\n&lt;\/ul&gt;\r\n&lt;\/div&gt;\r\n\t&lt;\/div&gt;\r\n\t&lt;\/div&gt;\r\n&lt;\/div&gt;"},"3":{"title":"","description":"&lt;div id=&quot;wdcmsservice&quot; class=&quot;bottom-to-top hb-animate-element&quot;&gt;\r\n\t&lt;div class=&quot;container&quot;&gt;\r\n\t&lt;div class=&quot;row&quot;&gt;\r\n\t\t&lt;div class=&quot;home-sevices&quot;&gt;\r\n&lt;ul class=&quot;wd-sevices services-carousel&quot;&gt;\r\n    &lt;li&gt;\r\n&lt;div class=&quot;wd-return wdservice service-info-heading&quot;&gt;\r\n&lt;div class=&quot;service-icon&quot;&gt;&lt;\/div&gt;\r\n&lt;div class=&quot;wdservice-desc&quot;&gt;&lt;ul class=&quot;wd-sevices services-carousel&quot; style=&quot;margin-bottom: 9px;&quot;&gt;&lt;li&gt;&lt;div class=&quot;wd-return wdservice service-info-heading&quot;&gt;&lt;div class=&quot;wdservice-desc&quot;&gt;&lt;span class=&quot;service-title&quot;&gt;\u0411\u0435\u0437\u043a\u043e\u0448\u0442\u043e\u0432\u043d\u0430 \u0434\u043e\u0441\u0442\u0430\u0432\u043a\u0430.&lt;\/span&gt;&amp;nbsp;&lt;span class=&quot;service-desc&quot;&gt;\u041f\u0440\u0438 \u0437\u0430\u043c\u043e\u0432\u043b\u0435\u043d\u043d\u0456 \u0432\u0456\u0434 50 000 \u0433\u0440\u043d.&lt;\/span&gt;&lt;\/div&gt;&lt;\/div&gt;&lt;\/li&gt;&lt;li&gt;&lt;div class=&quot;wd-secure wdservice service-info-heading&quot;&gt;&lt;div class=&quot;service-icon&quot;&gt;&lt;\/div&gt;&lt;div class=&quot;wdservice-desc&quot;&gt;&lt;span class=&quot;service-title&quot;&gt;\u0411\u0435\u0437\u043f\u0435\u0447\u043d\u0430 \u043e\u043f\u043b\u0430\u0442\u0430&lt;\/span&gt;&amp;nbsp;&lt;span class=&quot;service-desc&quot;&gt;Refer a friend our web &amp;amp; get a surprise Gifts&lt;\/span&gt;&lt;\/div&gt;&lt;\/div&gt;&lt;\/li&gt;&lt;li&gt;&lt;div class=&quot;wd-support wdservice service-info-heading&quot;&gt;&lt;div class=&quot;service-icon&quot;&gt;&lt;\/div&gt;&lt;div class=&quot;wdservice-desc&quot;&gt;&lt;span class=&quot;service-title&quot;&gt;\u041c\u0438 \u043d\u0430 \u0437\u0432'\u044f\u0437\u043a\u0443 24\/7&lt;\/span&gt;&amp;nbsp;&lt;span class=&quot;service-desc&quot;&gt;Feel fre to Call Us &amp;amp; Get best support service&lt;\/span&gt;&lt;\/div&gt;&lt;\/div&gt;&lt;\/li&gt;&lt;li&gt;&lt;div class=&quot;wd-shop wdservice service-info-heading&quot;&gt;&lt;div class=&quot;service-icon&quot;&gt;&lt;\/div&gt;&lt;div class=&quot;wdservice-desc&quot;&gt;&lt;span class=&quot;service-title&quot;&gt;\u0417\u0430\u0432\u0436\u0434\u0438 \u0434\u0456\u044e\u0447\u0456 \u0437\u043d\u0438\u0436\u043a\u0438&lt;\/span&gt;&amp;nbsp;&lt;span class=&quot;service-desc&quot;&gt;Safe, faster &amp;amp; more secure way to pay online with us&lt;\/span&gt;&lt;\/div&gt;&lt;\/div&gt;&lt;\/li&gt;&lt;\/ul&gt;&lt;\/div&gt;&lt;\/div&gt;&lt;\/li&gt;\r\n&lt;\/ul&gt;\r\n&lt;\/div&gt;\r\n\t&lt;\/div&gt;\r\n\t&lt;\/div&gt;\r\n&lt;\/div&gt;"}},"status":"1"}
2026-01-20 13:43:01 - Module instance 88 output added
2026-01-20 13:43:01 - Total modules added to content_top: 2
2026-01-20 13:43:08 - content_top: route=product/product, layout_id=2
2026-01-20 13:43:08 - Found 0 modules in content_top
2026-01-20 13:43:08 - Total modules added to content_top: 0
2026-01-20 13:43:14 - content_top: route=checkout/cart, layout_id=7
2026-01-20 13:43:14 - Found 0 modules in content_top
2026-01-20 13:43:14 - Total modules added to content_top: 0
2026-01-20 13:43:17 - content_top: route=checkout/checkout, layout_id=7
2026-01-20 13:43:17 - Found 0 modules in content_top
2026-01-20 13:43:17 - Total modules added to content_top: 0
2026-01-20 13:43:39 - content_top: route=checkout/success, layout_id=7
2026-01-20 13:43:39 - Found 0 modules in content_top
2026-01-20 13:43:39 - Total modules added to content_top: 0
2026-01-20 13:44:40 - slideshow/index called
2026-01-20 13:44:40 - Setting: {"name":"Home Page Slidshow","banner_id":"7","width":"476","height":"680","status":"1"}
2026-01-20 13:44:40 - Getting banner with ID: 7
2026-01-20 13:44:40 - Found 5 banner images
2026-01-20 13:44:40 - Added banner: catalog/baner/banner-5.jpg
2026-01-20 13:44:40 - Added banner: catalog/baner/banner-1.jpg
2026-01-20 13:44:40 - Added banner: catalog/baner/banner-2.jpg
2026-01-20 13:44:40 - Added banner: catalog/baner/banner-3.jpg
2026-01-20 13:44:40 - Added banner: catalog/baner/banner-4.jpg
2026-01-20 13:44:40 - Total banners added: 5
2026-01-20 13:44:40 - Returning slideshow view with 5 banners
2026-01-20 13:44:40 - content_top: route=common/home, layout_id=1
2026-01-20 13:44:40 - Found 2 modules in content_top
2026-01-20 13:44:40 - Processing module: slideshow.27 (part[0]=slideshow, part[1]=27)
2026-01-20 13:44:40 - Module slideshow general status: DISABLED (config: module_slideshow_status = 0)
2026-01-20 13:44:40 - Module instance 27 status: ENABLED
2026-01-20 13:44:40 - Module instance settings: {"name":"Home Page Slidshow","banner_id":"7","width":"476","height":"680","status":"1"}
2026-01-20 13:44:40 - Module instance 27 output added
2026-01-20 13:44:40 - Processing module: html.88 (part[0]=html, part[1]=88)
2026-01-20 13:44:40 - Module html general status: DISABLED (config: module_html_status = 0)
2026-01-20 13:44:40 - Module instance 88 status: ENABLED
2026-01-20 13:44:40 - Module instance settings: {"apply":"0","name":"Home Page Service","module_description":{"4":{"title":"","description":"&lt;div id=&quot;wdcmsservice&quot; class=&quot;bottom-to-top hb-animate-element&quot;&gt;\r\n\t&lt;div class=&quot;container&quot;&gt;\r\n\t&lt;div class=&quot;row&quot;&gt;\r\n\t\t&lt;div class=&quot;home-sevices&quot;&gt;\r\n&lt;ul class=&quot;wd-sevices services-carousel&quot;&gt;\r\n    &lt;li&gt;\r\n&lt;div class=&quot;wd-return wdservice service-info-heading&quot;&gt;\r\n&lt;div class=&quot;service-icon&quot;&gt;&lt;\/div&gt;\r\n&lt;div class=&quot;wdservice-desc&quot;&gt;&lt;span class=&quot;service-title&quot;&gt;\u0411\u0435\u0437\u043a\u043e\u0448\u0442\u043e\u0432\u043d\u0430 \u0434\u043e\u0441\u0442\u0430\u0432\u043a\u0430.&lt;\/span&gt; &lt;span class=&quot;service-desc&quot;&gt;\u041f\u0440\u0438 \u0437\u0430\u043c\u043e\u0432\u043b\u0435\u043d\u043d\u0456 \u0432\u0456\u0434 50 000 \u0433\u0440\u043d.&lt;\/span&gt;&lt;\/div&gt;\r\n&lt;\/div&gt;\r\n&lt;\/li&gt;\r\n&lt;li&gt;\r\n&lt;div class=&quot;wd-secure wdservice service-info-heading&quot;&gt;\r\n&lt;div class=&quot;service-icon&quot;&gt;&lt;\/div&gt;\r\n&lt;div class=&quot;wdservice-desc&quot;&gt;&lt;span class=&quot;service-title&quot;&gt;\u0411\u0435\u0437\u043f\u0435\u0447\u043d\u0430 \u043e\u043f\u043b\u0430\u0442\u0430&lt;\/span&gt; &lt;span class=&quot;service-desc&quot;&gt;Refer a friend our web &amp;amp; get a surprise Gifts&lt;\/span&gt;&lt;\/div&gt;\r\n&lt;\/div&gt;\r\n&lt;\/li&gt;\r\n&lt;li&gt;\r\n&lt;div class=&quot;wd-support wdservice service-info-heading&quot;&gt;\r\n&lt;div class=&quot;service-icon&quot;&gt;&lt;\/div&gt;\r\n&lt;div class=&quot;wdservice-desc&quot;&gt;&lt;span class=&quot;service-title&quot;&gt;\u041c\u0438 \u043d\u0430 \u0437\u0432'\u044f\u0437\u043a\u0443 24\/7&lt;\/span&gt; &lt;span class=&quot;service-desc&quot;&gt;Feel fre to Call Us &amp;amp; Get best support service&lt;\/span&gt;&lt;\/div&gt;\r\n&lt;\/div&gt;\r\n&lt;\/li&gt;\r\n&lt;li&gt;\r\n&lt;div class=&quot;wd-shop wdservice service-info-heading&quot;&gt;\r\n&lt;div class=&quot;service-icon&quot;&gt;&lt;\/div&gt;\r\n&lt;div class=&quot;wdservice-desc&quot;&gt;&lt;span class=&quot;service-title&quot;&gt;\u0417\u0430\u0432\u0436\u0434\u0438 \u0434\u0456\u044e\u0447\u0456 \u0437\u043d\u0438\u0436\u043a\u0438&lt;\/span&gt; &lt;span class=&quot;service-desc&quot;&gt;Safe, faster &amp;amp; more secure way to pay online with us&lt;\/span&gt;&lt;\/div&gt;\r\n&lt;\/div&gt;\r\n&lt;\/li&gt;\r\n&lt;\/ul&gt;\r\n&lt;\/div&gt;\r\n\t&lt;\/div&gt;\r\n\t&lt;\/div&gt;\r\n&lt;\/div&gt;"},"3":{"title":"","description":"&lt;div id=&quot;wdcmsservice&quot; class=&quot;bottom-to-top hb-animate-element&quot;&gt;\r\n\t&lt;div class=&quot;container&quot;&gt;\r\n\t&lt;div class=&quot;row&quot;&gt;\r\n\t\t&lt;div class=&quot;home-sevices&quot;&gt;\r\n&lt;ul class=&quot;wd-sevices services-carousel&quot;&gt;\r\n    &lt;li&gt;\r\n&lt;div class=&quot;wd-return wdservice service-info-heading&quot;&gt;\r\n&lt;div class=&quot;service-icon&quot;&gt;&lt;\/div&gt;\r\n&lt;div class=&quot;wdservice-desc&quot;&gt;&lt;ul class=&quot;wd-sevices services-carousel&quot; style=&quot;margin-bottom: 9px;&quot;&gt;&lt;li&gt;&lt;div class=&quot;wd-return wdservice service-info-heading&quot;&gt;&lt;div class=&quot;wdservice-desc&quot;&gt;&lt;span class=&quot;service-title&quot;&gt;\u0411\u0435\u0437\u043a\u043e\u0448\u0442\u043e\u0432\u043d\u0430 \u0434\u043e\u0441\u0442\u0430\u0432\u043a\u0430.&lt;\/span&gt;&amp;nbsp;&lt;span class=&quot;service-desc&quot;&gt;\u041f\u0440\u0438 \u0437\u0430\u043c\u043e\u0432\u043b\u0435\u043d\u043d\u0456 \u0432\u0456\u0434 50 000 \u0433\u0440\u043d.&lt;\/span&gt;&lt;\/div&gt;&lt;\/div&gt;&lt;\/li&gt;&lt;li&gt;&lt;div class=&quot;wd-secure wdservice service-info-heading&quot;&gt;&lt;div class=&quot;service-icon&quot;&gt;&lt;\/div&gt;&lt;div class=&quot;wdservice-desc&quot;&gt;&lt;span class=&quot;service-title&quot;&gt;\u0411\u0435\u0437\u043f\u0435\u0447\u043d\u0430 \u043e\u043f\u043b\u0430\u0442\u0430&lt;\/span&gt;&amp;nbsp;&lt;span class=&quot;service-desc&quot;&gt;Refer a friend our web &amp;amp; get a surprise Gifts&lt;\/span&gt;&lt;\/div&gt;&lt;\/div&gt;&lt;\/li&gt;&lt;li&gt;&lt;div class=&quot;wd-support wdservice service-info-heading&quot;&gt;&lt;div class=&quot;service-icon&quot;&gt;&lt;\/div&gt;&lt;div class=&quot;wdservice-desc&quot;&gt;&lt;span class=&quot;service-title&quot;&gt;\u041c\u0438 \u043d\u0430 \u0437\u0432'\u044f\u0437\u043a\u0443 24\/7&lt;\/span&gt;&amp;nbsp;&lt;span class=&quot;service-desc&quot;&gt;Feel fre to Call Us &amp;amp; Get best support service&lt;\/span&gt;&lt;\/div&gt;&lt;\/div&gt;&lt;\/li&gt;&lt;li&gt;&lt;div class=&quot;wd-shop wdservice service-info-heading&quot;&gt;&lt;div class=&quot;service-icon&quot;&gt;&lt;\/div&gt;&lt;div class=&quot;wdservice-desc&quot;&gt;&lt;span class=&quot;service-title&quot;&gt;\u0417\u0430\u0432\u0436\u0434\u0438 \u0434\u0456\u044e\u0447\u0456 \u0437\u043d\u0438\u0436\u043a\u0438&lt;\/span&gt;&amp;nbsp;&lt;span class=&quot;service-desc&quot;&gt;Safe, faster &amp;amp; more secure way to pay online with us&lt;\/span&gt;&lt;\/div&gt;&lt;\/div&gt;&lt;\/li&gt;&lt;\/ul&gt;&lt;\/div&gt;&lt;\/div&gt;&lt;\/li&gt;\r\n&lt;\/ul&gt;\r\n&lt;\/div&gt;\r\n\t&lt;\/div&gt;\r\n\t&lt;\/div&gt;\r\n&lt;\/div&gt;"}},"status":"1"}
2026-01-20 13:44:40 - Module instance 88 output added
2026-01-20 13:44:40 - Total modules added to content_top: 2
2026-01-20 13:44:43 - slideshow/index called
2026-01-20 13:44:43 - Setting: {"name":"Home Page Slidshow","banner_id":"7","width":"476","height":"680","status":"1"}
2026-01-20 13:44:43 - Getting banner with ID: 7
2026-01-20 13:44:43 - Found 5 banner images
2026-01-20 13:44:43 - Added banner: catalog/baner/banner-5.jpg
2026-01-20 13:44:43 - Added banner: catalog/baner/banner-1.jpg
2026-01-20 13:44:43 - Added banner: catalog/baner/banner-2.jpg
2026-01-20 13:44:43 - Added banner: catalog/baner/banner-3.jpg
2026-01-20 13:44:43 - Added banner: catalog/baner/banner-4.jpg
2026-01-20 13:44:43 - Total banners added: 5
2026-01-20 13:44:43 - Returning slideshow view with 5 banners
2026-01-20 13:44:43 - content_top: route=common/home, layout_id=1
2026-01-20 13:44:43 - Found 2 modules in content_top
2026-01-20 13:44:43 - Processing module: slideshow.27 (part[0]=slideshow, part[1]=27)
2026-01-20 13:44:43 - Module slideshow general status: DISABLED (config: module_slideshow_status = 0)
2026-01-20 13:44:43 - Module instance 27 status: ENABLED
2026-01-20 13:44:43 - Module instance settings: {"name":"Home Page Slidshow","banner_id":"7","width":"476","height":"680","status":"1"}
2026-01-20 13:44:43 - Module instance 27 output added
2026-01-20 13:44:43 - Processing module: html.88 (part[0]=html, part[1]=88)
2026-01-20 13:44:43 - Module html general status: DISABLED (config: module_html_status = 0)
2026-01-20 13:44:43 - Module instance 88 status: ENABLED
2026-01-20 13:44:43 - Module instance settings: {"apply":"0","name":"Home Page Service","module_description":{"4":{"title":"","description":"&lt;div id=&quot;wdcmsservice&quot; class=&quot;bottom-to-top hb-animate-element&quot;&gt;\r\n\t&lt;div class=&quot;container&quot;&gt;\r\n\t&lt;div class=&quot;row&quot;&gt;\r\n\t\t&lt;div class=&quot;home-sevices&quot;&gt;\r\n&lt;ul class=&quot;wd-sevices services-carousel&quot;&gt;\r\n    &lt;li&gt;\r\n&lt;div class=&quot;wd-return wdservice service-info-heading&quot;&gt;\r\n&lt;div class=&quot;service-icon&quot;&gt;&lt;\/div&gt;\r\n&lt;div class=&quot;wdservice-desc&quot;&gt;&lt;span class=&quot;service-title&quot;&gt;\u0411\u0435\u0437\u043a\u043e\u0448\u0442\u043e\u0432\u043d\u0430 \u0434\u043e\u0441\u0442\u0430\u0432\u043a\u0430.&lt;\/span&gt; &lt;span class=&quot;service-desc&quot;&gt;\u041f\u0440\u0438 \u0437\u0430\u043c\u043e\u0432\u043b\u0435\u043d\u043d\u0456 \u0432\u0456\u0434 50 000 \u0433\u0440\u043d.&lt;\/span&gt;&lt;\/div&gt;\r\n&lt;\/div&gt;\r\n&lt;\/li&gt;\r\n&lt;li&gt;\r\n&lt;div class=&quot;wd-secure wdservice service-info-heading&quot;&gt;\r\n&lt;div class=&quot;service-icon&quot;&gt;&lt;\/div&gt;\r\n&lt;div class=&quot;wdservice-desc&quot;&gt;&lt;span class=&quot;service-title&quot;&gt;\u0411\u0435\u0437\u043f\u0435\u0447\u043d\u0430 \u043e\u043f\u043b\u0430\u0442\u0430&lt;\/span&gt; &lt;span class=&quot;service-desc&quot;&gt;Refer a friend our web &amp;amp; get a surprise Gifts&lt;\/span&gt;&lt;\/div&gt;\r\n&lt;\/div&gt;\r\n&lt;\/li&gt;\r\n&lt;li&gt;\r\n&lt;div class=&quot;wd-support wdservice service-info-heading&quot;&gt;\r\n&lt;div class=&quot;service-icon&quot;&gt;&lt;\/div&gt;\r\n&lt;div class=&quot;wdservice-desc&quot;&gt;&lt;span class=&quot;service-title&quot;&gt;\u041c\u0438 \u043d\u0430 \u0437\u0432'\u044f\u0437\u043a\u0443 24\/7&lt;\/span&gt; &lt;span class=&quot;service-desc&quot;&gt;Feel fre to Call Us &amp;amp; Get best support service&lt;\/span&gt;&lt;\/div&gt;\r\n&lt;\/div&gt;\r\n&lt;\/li&gt;\r\n&lt;li&gt;\r\n&lt;div class=&quot;wd-shop wdservice service-info-heading&quot;&gt;\r\n&lt;div class=&quot;service-icon&quot;&gt;&lt;\/div&gt;\r\n&lt;div class=&quot;wdservice-desc&quot;&gt;&lt;span class=&quot;service-title&quot;&gt;\u0417\u0430\u0432\u0436\u0434\u0438 \u0434\u0456\u044e\u0447\u0456 \u0437\u043d\u0438\u0436\u043a\u0438&lt;\/span&gt; &lt;span class=&quot;service-desc&quot;&gt;Safe, faster &amp;amp; more secure way to pay online with us&lt;\/span&gt;&lt;\/div&gt;\r\n&lt;\/div&gt;\r\n&lt;\/li&gt;\r\n&lt;\/ul&gt;\r\n&lt;\/div&gt;\r\n\t&lt;\/div&gt;\r\n\t&lt;\/div&gt;\r\n&lt;\/div&gt;"},"3":{"title":"","description":"&lt;div id=&quot;wdcmsservice&quot; class=&quot;bottom-to-top hb-animate-element&quot;&gt;\r\n\t&lt;div class=&quot;container&quot;&gt;\r\n\t&lt;div class=&quot;row&quot;&gt;\r\n\t\t&lt;div class=&quot;home-sevices&quot;&gt;\r\n&lt;ul class=&quot;wd-sevices services-carousel&quot;&gt;\r\n    &lt;li&gt;\r\n&lt;div class=&quot;wd-return wdservice service-info-heading&quot;&gt;\r\n&lt;div class=&quot;service-icon&quot;&gt;&lt;\/div&gt;\r\n&lt;div class=&quot;wdservice-desc&quot;&gt;&lt;ul class=&quot;wd-sevices services-carousel&quot; style=&quot;margin-bottom: 9px;&quot;&gt;&lt;li&gt;&lt;div class=&quot;wd-return wdservice service-info-heading&quot;&gt;&lt;div class=&quot;wdservice-desc&quot;&gt;&lt;span class=&quot;service-title&quot;&gt;\u0411\u0435\u0437\u043a\u043e\u0448\u0442\u043e\u0432\u043d\u0430 \u0434\u043e\u0441\u0442\u0430\u0432\u043a\u0430.&lt;\/span&gt;&amp;nbsp;&lt;span class=&quot;service-desc&quot;&gt;\u041f\u0440\u0438 \u0437\u0430\u043c\u043e\u0432\u043b\u0435\u043d\u043d\u0456 \u0432\u0456\u0434 50 000 \u0433\u0440\u043d.&lt;\/span&gt;&lt;\/div&gt;&lt;\/div&gt;&lt;\/li&gt;&lt;li&gt;&lt;div class=&quot;wd-secure wdservice service-info-heading&quot;&gt;&lt;div class=&quot;service-icon&quot;&gt;&lt;\/div&gt;&lt;div class=&quot;wdservice-desc&quot;&gt;&lt;span class=&quot;service-title&quot;&gt;\u0411\u0435\u0437\u043f\u0435\u0447\u043d\u0430 \u043e\u043f\u043b\u0430\u0442\u0430&lt;\/span&gt;&amp;nbsp;&lt;span class=&quot;service-desc&quot;&gt;Refer a friend our web &amp;amp; get a surprise Gifts&lt;\/span&gt;&lt;\/div&gt;&lt;\/div&gt;&lt;\/li&gt;&lt;li&gt;&lt;div class=&quot;wd-support wdservice service-info-heading&quot;&gt;&lt;div class=&quot;service-icon&quot;&gt;&lt;\/div&gt;&lt;div class=&quot;wdservice-desc&quot;&gt;&lt;span class=&quot;service-title&quot;&gt;\u041c\u0438 \u043d\u0430 \u0437\u0432'\u044f\u0437\u043a\u0443 24\/7&lt;\/span&gt;&amp;nbsp;&lt;span class=&quot;service-desc&quot;&gt;Feel fre to Call Us &amp;amp; Get best support service&lt;\/span&gt;&lt;\/div&gt;&lt;\/div&gt;&lt;\/li&gt;&lt;li&gt;&lt;div class=&quot;wd-shop wdservice service-info-heading&quot;&gt;&lt;div class=&quot;service-icon&quot;&gt;&lt;\/div&gt;&lt;div class=&quot;wdservice-desc&quot;&gt;&lt;span class=&quot;service-title&quot;&gt;\u0417\u0430\u0432\u0436\u0434\u0438 \u0434\u0456\u044e\u0447\u0456 \u0437\u043d\u0438\u0436\u043a\u0438&lt;\/span&gt;&amp;nbsp;&lt;span class=&quot;service-desc&quot;&gt;Safe, faster &amp;amp; more secure way to pay online with us&lt;\/span&gt;&lt;\/div&gt;&lt;\/div&gt;&lt;\/li&gt;&lt;\/ul&gt;&lt;\/div&gt;&lt;\/div&gt;&lt;\/li&gt;\r\n&lt;\/ul&gt;\r\n&lt;\/div&gt;\r\n\t&lt;\/div&gt;\r\n\t&lt;\/div&gt;\r\n&lt;\/div&gt;"}},"status":"1"}
2026-01-20 13:44:43 - Module instance 88 output added
2026-01-20 13:44:43 - Total modules added to content_top: 2
2026-01-20 13:44:51 - content_top: route=product/product, layout_id=2
2026-01-20 13:44:51 - Found 0 modules in content_top
2026-01-20 13:44:51 - Total modules added to content_top: 0
2026-01-20 13:44:57 - content_top: route=checkout/cart, layout_id=7
2026-01-20 13:44:57 - Found 0 modules in content_top
2026-01-20 13:44:57 - Total modules added to content_top: 0
2026-01-20 13:44:59 - content_top: route=checkout/checkout, layout_id=7
2026-01-20 13:44:59 - Found 0 modules in content_top
2026-01-20 13:44:59 - Total modules added to content_top: 0
2026-01-20 13:55:08 - content_top: route=checkout/checkout, layout_id=7
2026-01-20 13:55:08 - Found 0 modules in content_top
2026-01-20 13:55:08 - Total modules added to content_top: 0
2026-01-20 13:55:15 - content_top: route=checkout/success, layout_id=7
2026-01-20 13:55:15 - Found 0 modules in content_top
2026-01-20 13:55:15 - Total modules added to content_top: 0
